[debug] [2024-08-25T11:58:15.695Z] ----------------------------------------------------------------------
[debug] [2024-08-25T11:58:15.696Z] Command:       /Users/andy/.nvm/versions/node/v18.20.4/bin/node /opt/homebrew/bin/firebase emulators:start
[debug] [2024-08-25T11:58:15.696Z] CLI Version:   13.15.4
[debug] [2024-08-25T11:58:15.696Z] Platform:      darwin
[debug] [2024-08-25T11:58:15.697Z] Node Version:  v18.20.4
[debug] [2024-08-25T11:58:15.697Z] Time:          Sun Aug 25 2024 13:58:15 GMT+0200 (Central European Summer Time)
[debug] [2024-08-25T11:58:15.697Z] ----------------------------------------------------------------------
[debug] 
[debug] [2024-08-25T11:58:15.734Z] > command requires scopes: ["email","openid","https://www.googleapis.com/auth/cloudplatformprojects.readonly","https://www.googleapis.com/auth/firebase","https://www.googleapis.com/auth/cloud-platform"]
[debug] [2024-08-25T11:58:15.734Z] > authorizing via signed-in user (andyklenz@gmail.com)
[debug] [2024-08-25T11:58:15.978Z] java version "22.0.2" 2024-07-16

[debug] [2024-08-25T11:58:15.978Z] Java(TM) SE Runtime Environment (build 22.0.2+9-70)
Java HotSpot(TM) 64-Bit Server VM (build 22.0.2+9-70, mixed mode, sharing)

[debug] [2024-08-25T11:58:15.987Z] Parsed Java major version: 22
[info] i  emulators: Starting emulators: auth, functions, firestore {"metadata":{"emulator":{"name":"hub"},"message":"Starting emulators: auth, functions, firestore"}}
[debug] [2024-08-25T11:58:16.376Z] [logging] Logging Emulator only supports listening on one address (127.0.0.1). Not listening on ::1
[debug] [2024-08-25T11:58:16.376Z] [auth] Authentication Emulator only supports listening on one address (127.0.0.1). Not listening on ::1
[debug] [2024-08-25T11:58:16.376Z] [firestore] Firestore Emulator only supports listening on one address (127.0.0.1). Not listening on ::1
[debug] [2024-08-25T11:58:16.376Z] [firestore.websocket] websocket server for firestore only supports listening on one address (127.0.0.1). Not listening on ::1
[debug] [2024-08-25T11:58:16.376Z] assigned listening specs for emulators {"user":{"hub":[{"address":"127.0.0.1","family":"IPv4","port":4400},{"address":"::1","family":"IPv6","port":4400}],"ui":[{"address":"127.0.0.1","family":"IPv4","port":4000},{"address":"::1","family":"IPv6","port":4000}],"logging":[{"address":"127.0.0.1","family":"IPv4","port":4500}],"auth":[{"address":"127.0.0.1","family":"IPv4","port":9099}],"firestore":[{"address":"127.0.0.1","family":"IPv4","port":8080}],"firestore.websocket":[{"address":"127.0.0.1","family":"IPv4","port":9150}]},"metadata":{"message":"assigned listening specs for emulators"}}
[debug] [2024-08-25T11:58:16.378Z] [hub] writing locator at /var/folders/g8/fxwdkt6n7l75lsvbb60pq8ym0000gn/T/hub-streaks-dev.json
[debug] [2024-08-25T11:58:16.511Z] [functions] Functions Emulator only supports listening on one address (127.0.0.1). Not listening on ::1
[debug] [2024-08-25T11:58:16.511Z] [eventarc] Eventarc Emulator only supports listening on one address (127.0.0.1). Not listening on ::1
[debug] [2024-08-25T11:58:16.511Z] late-assigned ports for functions and eventarc emulators {"user":{"hub":[{"address":"127.0.0.1","family":"IPv4","port":4400},{"address":"::1","family":"IPv6","port":4400}],"ui":[{"address":"127.0.0.1","family":"IPv4","port":4000},{"address":"::1","family":"IPv6","port":4000}],"logging":[{"address":"127.0.0.1","family":"IPv4","port":4500}],"auth":[{"address":"127.0.0.1","family":"IPv4","port":9099}],"firestore":[{"address":"127.0.0.1","family":"IPv4","port":8080}],"firestore.websocket":[{"address":"127.0.0.1","family":"IPv4","port":9150}],"functions":[{"address":"127.0.0.1","family":"IPv4","port":5001}],"eventarc":[{"address":"127.0.0.1","family":"IPv4","port":9299}]},"metadata":{"message":"late-assigned ports for functions and eventarc emulators"}}
[warn] ⚠  functions: The following emulators are not running, calls to these services from the Functions emulator will affect production: database, hosting, pubsub, storage, dataconnect {"metadata":{"emulator":{"name":"functions"},"message":"The following emulators are not running, calls to these services from the Functions emulator will affect production: \u001b[1mdatabase, hosting, pubsub, storage, dataconnect\u001b[22m"}}
[debug] [2024-08-25T11:58:16.512Z] defaultcredentials: writing to file /Users/andy/.config/firebase/andyklenz_gmail_com_application_default_credentials.json
[debug] [2024-08-25T11:58:16.513Z] Setting GAC to /Users/andy/.config/firebase/andyklenz_gmail_com_application_default_credentials.json {"metadata":{"emulator":{"name":"functions"},"message":"Setting GAC to /Users/andy/.config/firebase/andyklenz_gmail_com_application_default_credentials.json"}}
[debug] [2024-08-25T11:58:16.514Z] >>> [apiv2][query] GET https://firebase.googleapis.com/v1beta1/projects/streaks-dev/adminSdkConfig [none]
[debug] [2024-08-25T11:58:16.787Z] <<< [apiv2][status] GET https://firebase.googleapis.com/v1beta1/projects/streaks-dev/adminSdkConfig 200
[debug] [2024-08-25T11:58:16.787Z] <<< [apiv2][body] GET https://firebase.googleapis.com/v1beta1/projects/streaks-dev/adminSdkConfig {"projectId":"streaks-dev","storageBucket":"streaks-dev.appspot.com"}
[debug] [2024-08-25T11:58:16.797Z] Ignoring unsupported arg: auto_download {"metadata":{"emulator":{"name":"firestore"},"message":"Ignoring unsupported arg: auto_download"}}
[debug] [2024-08-25T11:58:16.797Z] Ignoring unsupported arg: single_project_mode_error {"metadata":{"emulator":{"name":"firestore"},"message":"Ignoring unsupported arg: single_project_mode_error"}}
[debug] [2024-08-25T11:58:16.797Z] Starting Firestore Emulator with command {"binary":"java","args":["-Dgoogle.cloud_firestore.debug_log_level=FINE","-Duser.language=en","-jar","/Users/andy/.cache/firebase/emulators/cloud-firestore-emulator-v1.19.7.jar","--host","127.0.0.1","--port",8080,"--websocket_port",9150,"--project_id","streaks-dev","--rules","/Users/andy/Desktop/Coding/Streak/Streaks/firestore.rules","--single_project_mode",true,"--functions_emulator","127.0.0.1:5001"],"optionalArgs":["port","webchannel_port","host","rules","websocket_port","functions_emulator","seed_from_export","project_id","single_project_mode"],"joinArgs":false,"shell":false} {"metadata":{"emulator":{"name":"firestore"},"message":"Starting Firestore Emulator with command {\"binary\":\"java\",\"args\":[\"-Dgoogle.cloud_firestore.debug_log_level=FINE\",\"-Duser.language=en\",\"-jar\",\"/Users/andy/.cache/firebase/emulators/cloud-firestore-emulator-v1.19.7.jar\",\"--host\",\"127.0.0.1\",\"--port\",8080,\"--websocket_port\",9150,\"--project_id\",\"streaks-dev\",\"--rules\",\"/Users/andy/Desktop/Coding/Streak/Streaks/firestore.rules\",\"--single_project_mode\",true,\"--functions_emulator\",\"127.0.0.1:5001\"],\"optionalArgs\":[\"port\",\"webchannel_port\",\"host\",\"rules\",\"websocket_port\",\"functions_emulator\",\"seed_from_export\",\"project_id\",\"single_project_mode\"],\"joinArgs\":false,\"shell\":false}"}}
[info] i  firestore: Firestore Emulator logging to firestore-debug.log {"metadata":{"emulator":{"name":"firestore"},"message":"Firestore Emulator logging to \u001b[1mfirestore-debug.log\u001b[22m"}}
[debug] [2024-08-25T11:58:17.561Z] Aug 25, 2024 1:58:17 PM com.google.cloud.datastore.emulator.firestore.websocket.WebSocketServer start
INFO: Started WebSocket server on ws://127.0.0.1:9150
 {"metadata":{"emulator":{"name":"firestore"},"message":"Aug 25, 2024 1:58:17 PM com.google.cloud.datastore.emulator.firestore.websocket.WebSocketServer start\nINFO: Started WebSocket server on ws://127.0.0.1:9150\n"}}
[debug] [2024-08-25T11:58:17.575Z] API endpoint: http:// {"metadata":{"emulator":{"name":"firestore"},"message":"API endpoint: http://"}}
[debug] [2024-08-25T11:58:17.575Z] 127.0.0.1:8080
If you are using a library that supports the FIRESTORE_EMULATOR_HOST environment variable, run:

   export FIRESTORE_EMULATOR_HOST=127.0.0.1:8080

If you are running a Firestore in Datastore Mode project, run:

   export DATASTORE_EMULATOR_HOST=127.0.0.1:8080

Note: Support for Datastore Mode is in preview. If you encounter any bugs please file at https://github.com/firebase/firebase-tools/issues.
Dev App Server is now running.

 {"metadata":{"emulator":{"name":"firestore"},"message":"127.0.0.1:8080\nIf you are using a library that supports the FIRESTORE_EMULATOR_HOST environment variable, run:\n\n   export FIRESTORE_EMULATOR_HOST=127.0.0.1:8080\n\nIf you are running a Firestore in Datastore Mode project, run:\n\n   export DATASTORE_EMULATOR_HOST=127.0.0.1:8080\n\nNote: Support for Datastore Mode is in preview. If you encounter any bugs please file at https://github.com/firebase/firebase-tools/issues.\nDev App Server is now running.\n\n"}}
[info] ✔  firestore: Firestore Emulator UI websocket is running on 9150. {"metadata":{"emulator":{"name":"firestore"},"message":"Firestore Emulator UI websocket is running on 9150."}}
[debug] [2024-08-25T11:58:20.644Z] Ignoring unsupported arg: auto_download {"metadata":{"emulator":{"name":"ui"},"message":"Ignoring unsupported arg: auto_download"}}
[debug] [2024-08-25T11:58:20.644Z] Ignoring unsupported arg: port {"metadata":{"emulator":{"name":"ui"},"message":"Ignoring unsupported arg: port"}}
[debug] [2024-08-25T11:58:20.645Z] Starting Emulator UI with command {"binary":"node","args":["/Users/andy/.cache/firebase/emulators/ui-v1.13.0/server/server.mjs"],"optionalArgs":[],"joinArgs":false,"shell":false} {"metadata":{"emulator":{"name":"ui"},"message":"Starting Emulator UI with command {\"binary\":\"node\",\"args\":[\"/Users/andy/.cache/firebase/emulators/ui-v1.13.0/server/server.mjs\"],\"optionalArgs\":[],\"joinArgs\":false,\"shell\":false}"}}
[info] i  ui: Emulator UI logging to ui-debug.log {"metadata":{"emulator":{"name":"ui"},"message":"Emulator UI logging to \u001b[1mui-debug.log\u001b[22m"}}
[debug] [2024-08-25T11:58:20.734Z] Web / API server started at 127.0.0.1:4000
 {"metadata":{"emulator":{"name":"ui"},"message":"Web / API server started at 127.0.0.1:4000\n"}}
[debug] [2024-08-25T11:58:20.734Z] Web / API server started at ::1:4000
 {"metadata":{"emulator":{"name":"ui"},"message":"Web / API server started at ::1:4000\n"}}
[info] i  functions: Watching "/Users/andy/Desktop/Coding/Streak/Streaks/functions" for Cloud Functions... {"metadata":{"emulator":{"name":"functions"},"message":"Watching \"/Users/andy/Desktop/Coding/Streak/Streaks/functions\" for Cloud Functions..."}}
[debug] [2024-08-25T11:58:20.851Z] Validating nodejs source
[warn] ⚠  functions: package.json indicates an outdated version of firebase-functions. Please upgrade using npm install --save firebase-functions@latest in your functions directory. 
[debug] [2024-08-25T11:58:21.281Z] > [functions] package.json contents: {
  "name": "functions",
  "scripts": {
    "lint": "eslint --ext .js,.ts .",
    "build": "tsc",
    "build:watch": "tsc --watch",
    "serve": "npm run build && firebase emulators:start --only functions",
    "shell": "npm run build && firebase functions:shell",
    "start": "npm run shell",
    "deploy": "firebase deploy --only functions",
    "logs": "firebase functions:log"
  },
  "engines": {
    "node": "18"
  },
  "main": "src/index.ts",
  "dependencies": {
    "firebase-admin": "^12.1.0",
    "firebase-functions": "^5.0.0"
  },
  "devDependencies": {
    "@typescript-eslint/eslint-plugin": "^5.12.0",
    "@typescript-eslint/parser": "^5.12.0",
    "eslint": "^8.9.0",
    "eslint-config-google": "^0.14.0",
    "eslint-plugin-import": "^2.25.4",
    "firebase-functions-test": "^3.1.0",
    "typescript": "^4.9.0"
  },
  "private": true
}
[debug] [2024-08-25T11:58:21.282Z] Building nodejs source
[debug] [2024-08-25T11:58:21.282Z] Failed to find version of module node: reached end of search path /Users/andy/Desktop/Coding/Streak/Streaks/functions/node_modules
[info] ✔  functions: Using node@18 from host. 
[debug] [2024-08-25T11:58:21.283Z] Could not find functions.yaml. Must use http discovery
[debug] [2024-08-25T11:58:21.287Z] Found firebase-functions binary at '/Users/andy/Desktop/Coding/Streak/Streaks/functions/node_modules/.bin/firebase-functions'
[info] Serving at port 8006

[debug] [2024-08-25T11:58:21.541Z] Got response from /__/functions.yaml {"endpoints":{"helloWorld":{"platform":"gcfv1","availableMemoryMb":null,"timeoutSeconds":null,"minInstances":null,"maxInstances":null,"ingressSettings":null,"serviceAccountEmail":null,"vpc":null,"httpsTrigger":{},"entryPoint":"helloWorld"},"createUserDoc":{"platform":"gcfv1","availableMemoryMb":null,"timeoutSeconds":null,"minInstances":null,"maxInstances":null,"ingressSettings":null,"serviceAccountEmail":null,"vpc":null,"eventTrigger":{"eventType":"providers/firebase.auth/eventTypes/user.create","eventFilters":{"resource":"projects/streaks-dev"},"retry":false},"labels":{},"entryPoint":"createUserDoc"},"deleteUserDoc":{"platform":"gcfv1","availableMemoryMb":null,"timeoutSeconds":null,"minInstances":null,"maxInstances":null,"ingressSettings":null,"serviceAccountEmail":null,"vpc":null,"eventTrigger":{"eventType":"providers/firebase.auth/eventTypes/user.delete","eventFilters":{"resource":"projects/streaks-dev"},"retry":false},"labels":{},"entryPoint":"deleteUserDoc"}},"specVersion":"v1alpha1","requiredAPIs":[]}
[info] ✔  functions: Loaded functions definitions from source: helloWorld, createUserDoc, deleteUserDoc. {"metadata":{"emulator":{"name":"functions"},"message":"Loaded functions definitions from source: helloWorld, createUserDoc, deleteUserDoc."}}
[info] ✔  functions[us-central1-helloWorld]: http function initialized (http://127.0.0.1:5001/streaks-dev/us-central1/helloWorld). {"metadata":{"emulator":{"name":"functions"},"message":"\u001b[1mhttp\u001b[22m function initialized (http://127.0.0.1:5001/streaks-dev/us-central1/helloWorld)."}}
[debug] [2024-08-25T11:58:21.554Z] addAuthTrigger {"eventTrigger":{"eventType":"providers/firebase.auth/eventTypes/user.create","resource":"projects/streaks-dev"}}
[info] ✔  functions[us-central1-createUserDoc]: auth function initialized. {"metadata":{"emulator":{"name":"functions"},"message":"\u001b[1mauth\u001b[22m function initialized."}}
[debug] [2024-08-25T11:58:21.554Z] addAuthTrigger {"eventTrigger":{"eventType":"providers/firebase.auth/eventTypes/user.delete","resource":"projects/streaks-dev"}}
[info] ✔  functions[us-central1-deleteUserDoc]: auth function initialized. {"metadata":{"emulator":{"name":"functions"},"message":"\u001b[1mauth\u001b[22m function initialized."}}
[info] 
┌─────────────────────────────────────────────────────────────┐
│ ✔  All emulators ready! It is now safe to connect your app. │
│ i  View Emulator UI at http://127.0.0.1:4000/               │
└─────────────────────────────────────────────────────────────┘

┌────────────────┬────────────────┬─────────────────────────────────┐
│ Emulator       │ Host:Port      │ View in Emulator UI             │
├────────────────┼────────────────┼─────────────────────────────────┤
│ Authentication │ 127.0.0.1:9099 │ http://127.0.0.1:4000/auth      │
├────────────────┼────────────────┼─────────────────────────────────┤
│ Functions      │ 127.0.0.1:5001 │ http://127.0.0.1:4000/functions │
├────────────────┼────────────────┼─────────────────────────────────┤
│ Firestore      │ 127.0.0.1:8080 │ http://127.0.0.1:4000/firestore │
└────────────────┴────────────────┴─────────────────────────────────┘
  Emulator Hub running at 127.0.0.1:4400
  Other reserved ports: 4500, 9150

Issues? Report them at https://github.com/firebase/firebase-tools/issues and attach the *-debug.log files.
 
[debug] [2024-08-25T11:58:22.051Z] Aug 25, 2024 1:58:22 PM com.google.cloud.datastore.emulator.firestore.websocket.WebSocketChannelHandler initChannel
INFO: Connected to new websocket client
 {"metadata":{"emulator":{"name":"firestore"},"message":"Aug 25, 2024 1:58:22 PM com.google.cloud.datastore.emulator.firestore.websocket.WebSocketChannelHandler initChannel\nINFO: Connected to new websocket client\n"}}
[debug] [2024-08-25T11:58:29.232Z] >>> [apiv2][query] POST http://127.0.0.1:5001/functions/projects/streaks-dev/trigger_multicast [none]
[debug] [2024-08-25T11:58:29.232Z] >>> [apiv2][body] POST http://127.0.0.1:5001/functions/projects/streaks-dev/trigger_multicast {"eventId":"11825e4b-63b5-4b07-a2f6-8e9c125021d7","eventType":"providers/firebase.auth/eventTypes/user.create","resource":{"name":"projects/streaks-dev","service":"firebaseauth.googleapis.com"},"params":{},"timestamp":"2024-08-25T11:58:29.231Z","data":{"uid":"8eWiZedWPuHQRXqnFcxicaqVq4hV","email":"t432@gmail.com","emailVerified":false,"metadata":{"creationTime":"2024-08-25T11:58:29.230Z","lastSignInTime":"2024-08-25T11:58:29.230Z"},"customClaims":{},"providerData":[{"providerId":"password","email":"t432@gmail.com","federatedId":"t432@gmail.com","rawId":"t432@gmail.com"}]}}
[debug] [2024-08-25T11:58:29.238Z] [work-queue] {"queuedWork":["us-central1-createUserDoc-0-2024-08-25T11:58:29.238Z"],"queueLength":1,"runningWork":[],"workRunningCount":0}
[debug] [2024-08-25T11:58:29.238Z] [work-queue] {"queuedWork":[],"queueLength":0,"runningWork":["us-central1-createUserDoc-0-2024-08-25T11:58:29.238Z"],"workRunningCount":1}
[debug] [2024-08-25T11:58:29.238Z] [work-queue] {"queuedWork":[],"queueLength":0,"runningWork":[],"workRunningCount":0}
[debug] [2024-08-25T11:58:29.240Z] <<< [apiv2][status] POST http://127.0.0.1:5001/functions/projects/streaks-dev/trigger_multicast 200
[debug] [2024-08-25T11:58:29.240Z] <<< [apiv2][body] POST http://127.0.0.1:5001/functions/projects/streaks-dev/trigger_multicast {"status":"multicast_acknowledged"}
[debug] [2024-08-25T11:58:29.241Z] [work-queue] {"queuedWork":["/functions/projects/streaks-dev/triggers/us-central1-createUserDoc-0-2024-08-25T11:58:29.241Z"],"queueLength":1,"runningWork":[],"workRunningCount":0}
[debug] [2024-08-25T11:58:29.241Z] [work-queue] {"queuedWork":[],"queueLength":0,"runningWork":["/functions/projects/streaks-dev/triggers/us-central1-createUserDoc-0-2024-08-25T11:58:29.241Z"],"workRunningCount":1}
[debug] [2024-08-25T11:58:29.241Z] Accepted request POST /functions/projects/streaks-dev/triggers/us-central1-createUserDoc-0 --> us-central1-createUserDoc-0
[debug] [2024-08-25T11:58:29.241Z] [functions] Runtime ready! Sending request! {"metadata":{"emulator":{"name":"functions"},"message":"[functions] Runtime ready! Sending request!"}}
[debug] [2024-08-25T11:58:29.242Z] [functions] Got req.url=/functions/projects/streaks-dev/triggers/us-central1-createUserDoc-0, mapping to path=/functions/projects/ {"metadata":{"emulator":{"name":"functions"},"message":"[functions] Got req.url=/functions/projects/streaks-dev/triggers/us-central1-createUserDoc-0, mapping to path=/functions/projects/"}}
[debug] [2024-08-25T11:58:29.247Z] [worker-pool] addWorker(us-central1-createUserDoc) {"metadata":{"emulator":{"name":"functions"},"message":"[worker-pool] addWorker(us-central1-createUserDoc)"}}
[debug] [2024-08-25T11:58:29.247Z] [worker-pool] Adding worker with key us-central1-createUserDoc, total=1 {"metadata":{"emulator":{"name":"functions"},"message":"[worker-pool] Adding worker with key us-central1-createUserDoc, total=1"}}
[debug] [2024-08-25T11:58:29.960Z] [runtime-status] [90318] Resolved module firebase-admin {"declared":true,"installed":true,"version":"12.3.1","resolution":"/Users/andy/Desktop/Coding/Streak/Streaks/functions/node_modules/firebase-admin/lib/index.js"} {"metadata":{"emulator":{"name":"functions"},"function":{"name":"us-central1-createUserDoc"},"extension":{},"message":"[runtime-status] [90318] Resolved module firebase-admin {\"declared\":true,\"installed\":true,\"version\":\"12.3.1\",\"resolution\":\"/Users/andy/Desktop/Coding/Streak/Streaks/functions/node_modules/firebase-admin/lib/index.js\"}"}}
[debug] [2024-08-25T11:58:29.960Z] [runtime-status] [90318] Resolved module firebase-functions {"declared":true,"installed":true,"version":"5.0.1","resolution":"/Users/andy/Desktop/Coding/Streak/Streaks/functions/node_modules/firebase-functions/lib/v1/index.js"} {"metadata":{"emulator":{"name":"functions"},"function":{"name":"us-central1-createUserDoc"},"extension":{},"message":"[runtime-status] [90318] Resolved module firebase-functions {\"declared\":true,\"installed\":true,\"version\":\"5.0.1\",\"resolution\":\"/Users/andy/Desktop/Coding/Streak/Streaks/functions/node_modules/firebase-functions/lib/v1/index.js\"}"}}
[debug] [2024-08-25T11:58:29.960Z] [runtime-status] [90318] Outgoing network have been stubbed. [{"name":"http","status":"mocked"},{"name":"http","status":"mocked"},{"name":"https","status":"mocked"},{"name":"https","status":"mocked"},{"name":"net","status":"mocked"}] {"metadata":{"emulator":{"name":"functions"},"function":{"name":"us-central1-createUserDoc"},"extension":{},"message":"[runtime-status] [90318] Outgoing network have been stubbed. [{\"name\":\"http\",\"status\":\"mocked\"},{\"name\":\"http\",\"status\":\"mocked\"},{\"name\":\"https\",\"status\":\"mocked\"},{\"name\":\"https\",\"status\":\"mocked\"},{\"name\":\"net\",\"status\":\"mocked\"}]"}}
[debug] [2024-08-25T11:58:29.960Z] [runtime-status] [90318] Resolved module firebase-functions {"declared":true,"installed":true,"version":"5.0.1","resolution":"/Users/andy/Desktop/Coding/Streak/Streaks/functions/node_modules/firebase-functions/lib/v1/index.js"} {"metadata":{"emulator":{"name":"functions"},"function":{"name":"us-central1-createUserDoc"},"extension":{},"message":"[runtime-status] [90318] Resolved module firebase-functions {\"declared\":true,\"installed\":true,\"version\":\"5.0.1\",\"resolution\":\"/Users/andy/Desktop/Coding/Streak/Streaks/functions/node_modules/firebase-functions/lib/v1/index.js\"}"}}
[debug] [2024-08-25T11:58:30.089Z] [runtime-status] [90318] Checked functions.config() {"config":{}} {"metadata":{"emulator":{"name":"functions"},"function":{"name":"us-central1-createUserDoc"},"extension":{},"message":"[runtime-status] [90318] Checked functions.config() {\"config\":{}}"}}
[debug] [2024-08-25T11:58:30.089Z] [runtime-status] [90318] firebase-functions has been stubbed. {"functionsResolution":{"declared":true,"installed":true,"version":"5.0.1","resolution":"/Users/andy/Desktop/Coding/Streak/Streaks/functions/node_modules/firebase-functions/lib/v1/index.js"}} {"metadata":{"emulator":{"name":"functions"},"function":{"name":"us-central1-createUserDoc"},"extension":{},"message":"[runtime-status] [90318] firebase-functions has been stubbed. {\"functionsResolution\":{\"declared\":true,\"installed\":true,\"version\":\"5.0.1\",\"resolution\":\"/Users/andy/Desktop/Coding/Streak/Streaks/functions/node_modules/firebase-functions/lib/v1/index.js\"}}"}}
[debug] [2024-08-25T11:58:30.089Z] [runtime-status] [90318] Resolved module firebase-functions {"declared":true,"installed":true,"version":"5.0.1","resolution":"/Users/andy/Desktop/Coding/Streak/Streaks/functions/node_modules/firebase-functions/lib/v1/index.js"} {"metadata":{"emulator":{"name":"functions"},"function":{"name":"us-central1-createUserDoc"},"extension":{},"message":"[runtime-status] [90318] Resolved module firebase-functions {\"declared\":true,\"installed\":true,\"version\":\"5.0.1\",\"resolution\":\"/Users/andy/Desktop/Coding/Streak/Streaks/functions/node_modules/firebase-functions/lib/v1/index.js\"}"}}
[debug] [2024-08-25T11:58:30.090Z] [runtime-status] [90318] Resolved module firebase-admin {"declared":true,"installed":true,"version":"12.3.1","resolution":"/Users/andy/Desktop/Coding/Streak/Streaks/functions/node_modules/firebase-admin/lib/index.js"} {"metadata":{"emulator":{"name":"functions"},"function":{"name":"us-central1-createUserDoc"},"extension":{},"message":"[runtime-status] [90318] Resolved module firebase-admin {\"declared\":true,\"installed\":true,\"version\":\"12.3.1\",\"resolution\":\"/Users/andy/Desktop/Coding/Streak/Streaks/functions/node_modules/firebase-admin/lib/index.js\"}"}}
[debug] [2024-08-25T11:58:30.092Z] [runtime-status] [90318] Resolved module firebase-functions {"declared":true,"installed":true,"version":"5.0.1","resolution":"/Users/andy/Desktop/Coding/Streak/Streaks/functions/node_modules/firebase-functions/lib/v1/index.js"} {"metadata":{"emulator":{"name":"functions"},"function":{"name":"us-central1-createUserDoc"},"extension":{},"message":"[runtime-status] [90318] Resolved module firebase-functions {\"declared\":true,\"installed\":true,\"version\":\"5.0.1\",\"resolution\":\"/Users/andy/Desktop/Coding/Streak/Streaks/functions/node_modules/firebase-functions/lib/v1/index.js\"}"}}
[debug] [2024-08-25T11:58:30.092Z] [runtime-status] [90318] firebase-admin has been stubbed. {"adminResolution":{"declared":true,"installed":true,"version":"12.3.1","resolution":"/Users/andy/Desktop/Coding/Streak/Streaks/functions/node_modules/firebase-admin/lib/index.js"}} {"metadata":{"emulator":{"name":"functions"},"function":{"name":"us-central1-createUserDoc"},"extension":{},"message":"[runtime-status] [90318] firebase-admin has been stubbed. {\"adminResolution\":{\"declared\":true,\"installed\":true,\"version\":\"12.3.1\",\"resolution\":\"/Users/andy/Desktop/Coding/Streak/Streaks/functions/node_modules/firebase-admin/lib/index.js\"}}"}}
[debug] [2024-08-25T11:58:30.093Z] [runtime-status] [90318] initializeApp(DEFAULT) {"storageBucket":"streaks-dev.appspot.com","projectId":"streaks-dev"} {"metadata":{"emulator":{"name":"functions"},"function":{"name":"us-central1-createUserDoc"},"extension":{},"message":"[runtime-status] [90318] initializeApp(DEFAULT) {\"storageBucket\":\"streaks-dev.appspot.com\",\"projectId\":\"streaks-dev\"}"}}
[debug] [2024-08-25T11:58:30.097Z] [runtime-status] [90318] Functions runtime initialized. {"cwd":"/Users/andy/Desktop/Coding/Streak/Streaks/functions","node_version":"18.20.4"} {"metadata":{"emulator":{"name":"functions"},"function":{"name":"us-central1-createUserDoc"},"extension":{},"message":"[runtime-status] [90318] Functions runtime initialized. {\"cwd\":\"/Users/andy/Desktop/Coding/Streak/Streaks/functions\",\"node_version\":\"18.20.4\"}"}}
[debug] [2024-08-25T11:58:30.097Z] [runtime-status] [90318] Listening to port: /var/folders/g8/fxwdkt6n7l75lsvbb60pq8ym0000gn/T/fire_emu_9ad81efa0f226de9.sock {"metadata":{"emulator":{"name":"functions"},"function":{"name":"us-central1-createUserDoc"},"extension":{},"message":"[runtime-status] [90318] Listening to port: /var/folders/g8/fxwdkt6n7l75lsvbb60pq8ym0000gn/T/fire_emu_9ad81efa0f226de9.sock"}}
[debug] [2024-08-25T11:58:30.166Z] [worker-us-central1-createUserDoc-65b1e025-428a-416e-b3b4-6c05974afba5]: IDLE {"metadata":{"emulator":{"name":"functions"},"function":{"name":"us-central1-createUserDoc"},"extension":{},"message":"[worker-us-central1-createUserDoc-65b1e025-428a-416e-b3b4-6c05974afba5]: IDLE"}}
[debug] [2024-08-25T11:58:30.166Z] [worker-pool] submitRequest(triggerId=us-central1-createUserDoc) {"metadata":{"emulator":{"name":"functions"},"message":"[worker-pool] submitRequest(triggerId=us-central1-createUserDoc)"}}
[info] i  functions: Beginning execution of "us-central1-createUserDoc" {"metadata":{"emulator":{"name":"functions"},"function":{"name":"us-central1-createUserDoc"},"extension":{},"message":"Beginning execution of \"us-central1-createUserDoc\""}}
[debug] [2024-08-25T11:58:30.167Z] [worker-us-central1-createUserDoc-65b1e025-428a-416e-b3b4-6c05974afba5]: BUSY {"metadata":{"emulator":{"name":"functions"},"function":{"name":"us-central1-createUserDoc"},"extension":{},"message":"[worker-us-central1-createUserDoc-65b1e025-428a-416e-b3b4-6c05974afba5]: BUSY"}}
[debug] [2024-08-25T11:58:30.173Z] [runtime-status] [90318] ProcessBackground: lifting resource.name from resource {"name":"projects/streaks-dev","service":"firebaseauth.googleapis.com"} {"metadata":{"emulator":{"name":"functions"},"function":{"name":"us-central1-createUserDoc"},"extension":{},"message":"[runtime-status] [90318] ProcessBackground: lifting resource.name from resource {\"name\":\"projects/streaks-dev\",\"service\":\"firebaseauth.googleapis.com\"}"}}
[debug] [2024-08-25T11:58:30.173Z] [runtime-status] [90318] RunBackground {"data":{"uid":"8eWiZedWPuHQRXqnFcxicaqVq4hV","email":"t432@gmail.com","emailVerified":false,"metadata":{"creationTime":"2024-08-25T11:58:29.230Z","lastSignInTime":"2024-08-25T11:58:29.230Z"},"customClaims":{},"providerData":[{"providerId":"password","email":"t432@gmail.com","federatedId":"t432@gmail.com","rawId":"t432@gmail.com"}]},"context":{"eventId":"11825e4b-63b5-4b07-a2f6-8e9c125021d7","eventType":"providers/firebase.auth/eventTypes/user.create","resource":"projects/streaks-dev","params":{},"timestamp":"2024-08-25T11:58:29.231Z"}} {"metadata":{"emulator":{"name":"functions"},"function":{"name":"us-central1-createUserDoc"},"extension":{},"message":"[runtime-status] [90318] RunBackground {\"data\":{\"uid\":\"8eWiZedWPuHQRXqnFcxicaqVq4hV\",\"email\":\"t432@gmail.com\",\"emailVerified\":false,\"metadata\":{\"creationTime\":\"2024-08-25T11:58:29.230Z\",\"lastSignInTime\":\"2024-08-25T11:58:29.230Z\"},\"customClaims\":{},\"providerData\":[{\"providerId\":\"password\",\"email\":\"t432@gmail.com\",\"federatedId\":\"t432@gmail.com\",\"rawId\":\"t432@gmail.com\"}]},\"context\":{\"eventId\":\"11825e4b-63b5-4b07-a2f6-8e9c125021d7\",\"eventType\":\"providers/firebase.auth/eventTypes/user.create\",\"resource\":\"projects/streaks-dev\",\"params\":{},\"timestamp\":\"2024-08-25T11:58:29.231Z\"}}"}}
[info] >  {"user":{"uid":"8eWiZedWPuHQRXqnFcxicaqVq4hV","email":"t432@gmail.com","emailVerified":false,"displayName":null,"photoURL":null,"phoneNumber":null,"disabled":false,"passwordHash":null,"passwordSalt":null,"tokensValidAfterTime":null,"metadata":{"creationTime":"2024-08-25T11:58:29.230Z","lastSignInTime":"2024-08-25T11:58:29.230Z"},"customClaims":{},"providerData":[{"providerId":"password","email":"t432@gmail.com","federatedId":"t432@gmail.com","rawId":"t432@gmail.com"}]},"severity":"INFO","message":"New user created:"} {"user":{"user":{"uid":"8eWiZedWPuHQRXqnFcxicaqVq4hV","email":"t432@gmail.com","emailVerified":false,"displayName":null,"photoURL":null,"phoneNumber":null,"disabled":false,"passwordHash":null,"passwordSalt":null,"tokensValidAfterTime":null,"metadata":{"creationTime":"2024-08-25T11:58:29.230Z","lastSignInTime":"2024-08-25T11:58:29.230Z"},"customClaims":{},"providerData":[{"providerId":"password","email":"t432@gmail.com","federatedId":"t432@gmail.com","rawId":"t432@gmail.com"}]},"severity":"INFO","message":"New user created:"},"metadata":{"emulator":{"name":"functions"},"function":{"name":"us-central1-createUserDoc"},"extension":{},"message":"\u001b[90m> \u001b[39m {\"user\":{\"uid\":\"8eWiZedWPuHQRXqnFcxicaqVq4hV\",\"email\":\"t432@gmail.com\",\"emailVerified\":false,\"displayName\":null,\"photoURL\":null,\"phoneNumber\":null,\"disabled\":false,\"passwordHash\":null,\"passwordSalt\":null,\"tokensValidAfterTime\":null,\"metadata\":{\"creationTime\":\"2024-08-25T11:58:29.230Z\",\"lastSignInTime\":\"2024-08-25T11:58:29.230Z\"},\"customClaims\":{},\"providerData\":[{\"providerId\":\"password\",\"email\":\"t432@gmail.com\",\"federatedId\":\"t432@gmail.com\",\"rawId\":\"t432@gmail.com\"}]},\"severity\":\"INFO\",\"message\":\"New user created:\"}"}}
[debug] [2024-08-25T11:58:30.397Z] Aug 25, 2024 1:58:30 PM io.gapi.emulators.netty.HttpVersionRoutingHandler channelRead
INFO: Detected HTTP/2 connection.
 {"metadata":{"emulator":{"name":"firestore"},"message":"Aug 25, 2024 1:58:30 PM io.gapi.emulators.netty.HttpVersionRoutingHandler channelRead\nINFO: Detected HTTP/2 connection.\n"}}
[info] >  {"severity":"INFO","message":"User document added: epNiQG5pWKMzTdTGZhnl"} {"user":{"severity":"INFO","message":"User document added: epNiQG5pWKMzTdTGZhnl"},"metadata":{"emulator":{"name":"functions"},"function":{"name":"us-central1-createUserDoc"},"extension":{},"message":"\u001b[90m> \u001b[39m {\"severity\":\"INFO\",\"message\":\"User document added: epNiQG5pWKMzTdTGZhnl\"}"}}
[debug] [2024-08-25T11:58:30.848Z] Finishing up request with event=pause {"metadata":{"emulator":{"name":"functions"},"function":{"name":"us-central1-createUserDoc"},"extension":{},"message":"Finishing up request with event=pause"}}
[info] i  functions: Finished "us-central1-createUserDoc" in 681.253792ms {"metadata":{"emulator":{"name":"functions"},"function":{"name":"us-central1-createUserDoc"},"extension":{},"message":"Finished \"us-central1-createUserDoc\" in 681.253792ms"}}
[debug] [2024-08-25T11:58:30.848Z] [worker-us-central1-createUserDoc-65b1e025-428a-416e-b3b4-6c05974afba5]: IDLE {"metadata":{"emulator":{"name":"functions"},"function":{"name":"us-central1-createUserDoc"},"extension":{},"message":"[worker-us-central1-createUserDoc-65b1e025-428a-416e-b3b4-6c05974afba5]: IDLE"}}
[debug] [2024-08-25T11:58:30.848Z] Finishing up request with event=finish {"metadata":{"emulator":{"name":"functions"},"function":{"name":"us-central1-createUserDoc"},"extension":{},"message":"Finishing up request with event=finish"}}
[debug] [2024-08-25T11:58:30.849Z] Finishing up request with event=close {"metadata":{"emulator":{"name":"functions"},"function":{"name":"us-central1-createUserDoc"},"extension":{},"message":"Finishing up request with event=close"}}
[debug] [2024-08-25T11:58:30.849Z] [work-queue] {"queuedWork":[],"queueLength":0,"runningWork":[],"workRunningCount":0}
[debug] [2024-08-25T12:09:44.260Z] Aug 25, 2024 2:09:44 PM com.google.cloud.datastore.emulator.firestore.websocket.WebSocketChannelHandler channelClosed
INFO: Websocket client disconnected
 {"metadata":{"emulator":{"name":"firestore"},"message":"Aug 25, 2024 2:09:44 PM com.google.cloud.datastore.emulator.firestore.websocket.WebSocketChannelHandler channelClosed\nINFO: Websocket client disconnected\n"}}
[debug] [2024-08-25T12:09:44.446Z] Aug 25, 2024 2:09:44 PM com.google.cloud.datastore.emulator.firestore.websocket.WebSocketChannelHandler initChannel
INFO: Connected to new websocket client
 {"metadata":{"emulator":{"name":"firestore"},"message":"Aug 25, 2024 2:09:44 PM com.google.cloud.datastore.emulator.firestore.websocket.WebSocketChannelHandler initChannel\nINFO: Connected to new websocket client\n"}}
[debug] [2024-08-25T12:09:59.115Z] Aug 25, 2024 2:09:59 PM io.gapi.emulators.netty.HttpVersionRoutingHandler channelRead
INFO: Detected non-HTTP/2 connection.
 {"metadata":{"emulator":{"name":"firestore"},"message":"Aug 25, 2024 2:09:59 PM io.gapi.emulators.netty.HttpVersionRoutingHandler channelRead\nINFO: Detected non-HTTP/2 connection.\n"}}
[debug] [2024-08-25T12:09:59.194Z] Aug 25, 2024 2:09:59 PM io.gapi.emulators.netty.HttpVersionRoutingHandler channelRead
INFO: Detected HTTP/2 connection.
 {"metadata":{"emulator":{"name":"firestore"},"message":"Aug 25, 2024 2:09:59 PM io.gapi.emulators.netty.HttpVersionRoutingHandler channelRead\nINFO: Detected HTTP/2 connection.\n"}}
[debug] [2024-08-25T12:09:59.260Z] Aug 25, 2024 2:09:59 PM io.gapi.emulators.netty.HttpVersionRoutingHandler channelRead
INFO: Detected non-HTTP/2 connection.
 {"metadata":{"emulator":{"name":"firestore"},"message":"Aug 25, 2024 2:09:59 PM io.gapi.emulators.netty.HttpVersionRoutingHandler channelRead\nINFO: Detected non-HTTP/2 connection.\n"}}
[debug] [2024-08-25T12:09:59.420Z] Aug 25, 2024 2:09:59 PM io.gapi.emulators.netty.HttpVersionRoutingHandler channelRead
INFO: Detected non-HTTP/2 connection.
 {"metadata":{"emulator":{"name":"firestore"},"message":"Aug 25, 2024 2:09:59 PM io.gapi.emulators.netty.HttpVersionRoutingHandler channelRead\nINFO: Detected non-HTTP/2 connection.\n"}}
[debug] [2024-08-25T12:09:59.474Z] Aug 25, 2024 2:09:59 PM io.gapi.emulators.netty.HttpVersionRoutingHandler channelRead
INFO: Detected non-HTTP/2 connection.
 {"metadata":{"emulator":{"name":"firestore"},"message":"Aug 25, 2024 2:09:59 PM io.gapi.emulators.netty.HttpVersionRoutingHandler channelRead\nINFO: Detected non-HTTP/2 connection.\n"}}
[debug] [2024-08-25T12:10:06.208Z] Aug 25, 2024 2:10:06 PM io.gapi.emulators.netty.HttpVersionRoutingHandler channelRead
INFO: Detected non-HTTP/2 connection.
 {"metadata":{"emulator":{"name":"firestore"},"message":"Aug 25, 2024 2:10:06 PM io.gapi.emulators.netty.HttpVersionRoutingHandler channelRead\nINFO: Detected non-HTTP/2 connection.\n"}}
[debug] [2024-08-25T12:10:11.976Z] Aug 25, 2024 2:10:11 PM io.gapi.emulators.netty.HttpVersionRoutingHandler channelRead
INFO: Detected non-HTTP/2 connection.
 {"metadata":{"emulator":{"name":"firestore"},"message":"Aug 25, 2024 2:10:11 PM io.gapi.emulators.netty.HttpVersionRoutingHandler channelRead\nINFO: Detected non-HTTP/2 connection.\n"}}
[debug] [2024-08-25T12:10:11.984Z] Aug 25, 2024 2:10:11 PM com.google.cloud.datastore.emulator.firestore.webchannel.FirestoreV1WebChannelAdapter$FirestoreListenHandler onClose
INFO: channel closed
 {"metadata":{"emulator":{"name":"firestore"},"message":"Aug 25, 2024 2:10:11 PM com.google.cloud.datastore.emulator.firestore.webchannel.FirestoreV1WebChannelAdapter$FirestoreListenHandler onClose\nINFO: channel closed\n"}}
[debug] [2024-08-25T12:11:18.139Z] File /Users/andy/Desktop/Coding/Streak/Streaks/functions/src/index.ts changed, reloading triggers {"metadata":{"emulator":{"name":"functions"},"message":"File /Users/andy/Desktop/Coding/Streak/Streaks/functions/src/index.ts changed, reloading triggers"}}
[debug] [2024-08-25T12:11:19.144Z] Validating nodejs source
[warn] ⚠  functions: package.json indicates an outdated version of firebase-functions. Please upgrade using npm install --save firebase-functions@latest in your functions directory. 
[debug] [2024-08-25T12:11:19.931Z] > [functions] package.json contents: {
  "name": "functions",
  "scripts": {
    "lint": "eslint --ext .js,.ts .",
    "build": "tsc",
    "build:watch": "tsc --watch",
    "serve": "npm run build && firebase emulators:start --only functions",
    "shell": "npm run build && firebase functions:shell",
    "start": "npm run shell",
    "deploy": "firebase deploy --only functions",
    "logs": "firebase functions:log"
  },
  "engines": {
    "node": "18"
  },
  "main": "src/index.ts",
  "dependencies": {
    "firebase-admin": "^12.1.0",
    "firebase-functions": "^5.0.0"
  },
  "devDependencies": {
    "@typescript-eslint/eslint-plugin": "^5.12.0",
    "@typescript-eslint/parser": "^5.12.0",
    "eslint": "^8.9.0",
    "eslint-config-google": "^0.14.0",
    "eslint-plugin-import": "^2.25.4",
    "firebase-functions-test": "^3.1.0",
    "typescript": "^4.9.0"
  },
  "private": true
}
[debug] [2024-08-25T12:11:19.931Z] Building nodejs source
[debug] [2024-08-25T12:11:19.932Z] Failed to find version of module node: reached end of search path /Users/andy/Desktop/Coding/Streak/Streaks/functions/node_modules
[info] ✔  functions: Using node@18 from host. 
[debug] [2024-08-25T12:11:19.932Z] Could not find functions.yaml. Must use http discovery
[debug] [2024-08-25T12:11:19.933Z] Found firebase-functions binary at '/Users/andy/Desktop/Coding/Streak/Streaks/functions/node_modules/.bin/firebase-functions'
[info] Serving at port 8219

[debug] [2024-08-25T12:11:20.317Z] Got response from /__/functions.yaml {"endpoints":{"helloWorld":{"platform":"gcfv1","availableMemoryMb":null,"timeoutSeconds":null,"minInstances":null,"maxInstances":null,"ingressSettings":null,"serviceAccountEmail":null,"vpc":null,"httpsTrigger":{},"entryPoint":"helloWorld"},"createUserDoc":{"platform":"gcfv1","availableMemoryMb":null,"timeoutSeconds":null,"minInstances":null,"maxInstances":null,"ingressSettings":null,"serviceAccountEmail":null,"vpc":null,"eventTrigger":{"eventType":"providers/firebase.auth/eventTypes/user.create","eventFilters":{"resource":"projects/streaks-dev"},"retry":false},"labels":{},"entryPoint":"createUserDoc"},"deleteUserDoc":{"platform":"gcfv1","availableMemoryMb":null,"timeoutSeconds":null,"minInstances":null,"maxInstances":null,"ingressSettings":null,"serviceAccountEmail":null,"vpc":null,"eventTrigger":{"eventType":"providers/firebase.auth/eventTypes/user.delete","eventFilters":{"resource":"projects/streaks-dev"},"retry":false},"labels":{},"entryPoint":"deleteUserDoc"}},"specVersion":"v1alpha1","requiredAPIs":[]}
[info] ✔  functions: Loaded functions definitions from source: helloWorld, createUserDoc, deleteUserDoc. {"metadata":{"emulator":{"name":"functions"},"message":"Loaded functions definitions from source: helloWorld, createUserDoc, deleteUserDoc."}}
[debug] [2024-08-25T12:11:20.332Z] [worker-pool] Shutting down IDLE worker (us-central1-createUserDoc) {"metadata":{"emulator":{"name":"functions"},"message":"[worker-pool] Shutting down IDLE worker (us-central1-createUserDoc)"}}
[debug] [2024-08-25T12:11:20.332Z] [worker-us-central1-createUserDoc-65b1e025-428a-416e-b3b4-6c05974afba5]: FINISHING {"metadata":{"emulator":{"name":"functions"},"function":{"name":"us-central1-createUserDoc"},"extension":{},"message":"[worker-us-central1-createUserDoc-65b1e025-428a-416e-b3b4-6c05974afba5]: FINISHING"}}
[debug] [2024-08-25T12:11:20.338Z] [worker-us-central1-createUserDoc-65b1e025-428a-416e-b3b4-6c05974afba5]: exited {"metadata":{"emulator":{"name":"functions"},"function":{"name":"us-central1-createUserDoc"},"extension":{},"message":"[worker-us-central1-createUserDoc-65b1e025-428a-416e-b3b4-6c05974afba5]: exited"}}
[debug] [2024-08-25T12:11:20.338Z] [worker-us-central1-createUserDoc-65b1e025-428a-416e-b3b4-6c05974afba5]: FINISHED {"metadata":{"emulator":{"name":"functions"},"function":{"name":"us-central1-createUserDoc"},"extension":{},"message":"[worker-us-central1-createUserDoc-65b1e025-428a-416e-b3b4-6c05974afba5]: FINISHED"}}
[debug] [2024-08-25T12:11:22.505Z] File /Users/andy/Desktop/Coding/Streak/Streaks/functions/src/index.ts changed, reloading triggers {"metadata":{"emulator":{"name":"functions"},"message":"File /Users/andy/Desktop/Coding/Streak/Streaks/functions/src/index.ts changed, reloading triggers"}}
[debug] [2024-08-25T12:11:23.508Z] Validating nodejs source
[warn] ⚠  functions: package.json indicates an outdated version of firebase-functions. Please upgrade using npm install --save firebase-functions@latest in your functions directory. 
[debug] [2024-08-25T12:11:23.933Z] > [functions] package.json contents: {
  "name": "functions",
  "scripts": {
    "lint": "eslint --ext .js,.ts .",
    "build": "tsc",
    "build:watch": "tsc --watch",
    "serve": "npm run build && firebase emulators:start --only functions",
    "shell": "npm run build && firebase functions:shell",
    "start": "npm run shell",
    "deploy": "firebase deploy --only functions",
    "logs": "firebase functions:log"
  },
  "engines": {
    "node": "18"
  },
  "main": "src/index.ts",
  "dependencies": {
    "firebase-admin": "^12.1.0",
    "firebase-functions": "^5.0.0"
  },
  "devDependencies": {
    "@typescript-eslint/eslint-plugin": "^5.12.0",
    "@typescript-eslint/parser": "^5.12.0",
    "eslint": "^8.9.0",
    "eslint-config-google": "^0.14.0",
    "eslint-plugin-import": "^2.25.4",
    "firebase-functions-test": "^3.1.0",
    "typescript": "^4.9.0"
  },
  "private": true
}
[debug] [2024-08-25T12:11:23.933Z] Building nodejs source
[debug] [2024-08-25T12:11:23.933Z] Failed to find version of module node: reached end of search path /Users/andy/Desktop/Coding/Streak/Streaks/functions/node_modules
[info] ✔  functions: Using node@18 from host. 
[debug] [2024-08-25T12:11:23.934Z] Could not find functions.yaml. Must use http discovery
[debug] [2024-08-25T12:11:23.934Z] Found firebase-functions binary at '/Users/andy/Desktop/Coding/Streak/Streaks/functions/node_modules/.bin/firebase-functions'
[info] Serving at port 8289

[debug] [2024-08-25T12:11:24.145Z] Got response from /__/functions.yaml {"endpoints":{"helloWorld":{"platform":"gcfv1","availableMemoryMb":null,"timeoutSeconds":null,"minInstances":null,"maxInstances":null,"ingressSettings":null,"serviceAccountEmail":null,"vpc":null,"httpsTrigger":{},"entryPoint":"helloWorld"},"createUserDoc":{"platform":"gcfv1","availableMemoryMb":null,"timeoutSeconds":null,"minInstances":null,"maxInstances":null,"ingressSettings":null,"serviceAccountEmail":null,"vpc":null,"eventTrigger":{"eventType":"providers/firebase.auth/eventTypes/user.create","eventFilters":{"resource":"projects/streaks-dev"},"retry":false},"labels":{},"entryPoint":"createUserDoc"},"deleteUserDoc":{"platform":"gcfv1","availableMemoryMb":null,"timeoutSeconds":null,"minInstances":null,"maxInstances":null,"ingressSettings":null,"serviceAccountEmail":null,"vpc":null,"eventTrigger":{"eventType":"providers/firebase.auth/eventTypes/user.delete","eventFilters":{"resource":"projects/streaks-dev"},"retry":false},"labels":{},"entryPoint":"deleteUserDoc"}},"specVersion":"v1alpha1","requiredAPIs":[]}
[info] ✔  functions: Loaded functions definitions from source: helloWorld, createUserDoc, deleteUserDoc. {"metadata":{"emulator":{"name":"functions"},"message":"Loaded functions definitions from source: helloWorld, createUserDoc, deleteUserDoc."}}
[debug] [2024-08-25T12:11:26.842Z] File /Users/andy/Desktop/Coding/Streak/Streaks/functions/src/index.ts changed, reloading triggers {"metadata":{"emulator":{"name":"functions"},"message":"File /Users/andy/Desktop/Coding/Streak/Streaks/functions/src/index.ts changed, reloading triggers"}}
[debug] [2024-08-25T12:11:27.844Z] Validating nodejs source
[warn] ⚠  functions: package.json indicates an outdated version of firebase-functions. Please upgrade using npm install --save firebase-functions@latest in your functions directory. 
[debug] [2024-08-25T12:11:28.315Z] > [functions] package.json contents: {
  "name": "functions",
  "scripts": {
    "lint": "eslint --ext .js,.ts .",
    "build": "tsc",
    "build:watch": "tsc --watch",
    "serve": "npm run build && firebase emulators:start --only functions",
    "shell": "npm run build && firebase functions:shell",
    "start": "npm run shell",
    "deploy": "firebase deploy --only functions",
    "logs": "firebase functions:log"
  },
  "engines": {
    "node": "18"
  },
  "main": "src/index.ts",
  "dependencies": {
    "firebase-admin": "^12.1.0",
    "firebase-functions": "^5.0.0"
  },
  "devDependencies": {
    "@typescript-eslint/eslint-plugin": "^5.12.0",
    "@typescript-eslint/parser": "^5.12.0",
    "eslint": "^8.9.0",
    "eslint-config-google": "^0.14.0",
    "eslint-plugin-import": "^2.25.4",
    "firebase-functions-test": "^3.1.0",
    "typescript": "^4.9.0"
  },
  "private": true
}
[debug] [2024-08-25T12:11:28.315Z] Building nodejs source
[debug] [2024-08-25T12:11:28.315Z] Failed to find version of module node: reached end of search path /Users/andy/Desktop/Coding/Streak/Streaks/functions/node_modules
[info] ✔  functions: Using node@18 from host. 
[debug] [2024-08-25T12:11:28.316Z] Could not find functions.yaml. Must use http discovery
[debug] [2024-08-25T12:11:28.316Z] Found firebase-functions binary at '/Users/andy/Desktop/Coding/Streak/Streaks/functions/node_modules/.bin/firebase-functions'
[info] Serving at port 8762

[debug] [2024-08-25T12:11:28.536Z] Got response from /__/functions.yaml {"endpoints":{"helloWorld":{"platform":"gcfv1","availableMemoryMb":null,"timeoutSeconds":null,"minInstances":null,"maxInstances":null,"ingressSettings":null,"serviceAccountEmail":null,"vpc":null,"httpsTrigger":{},"entryPoint":"helloWorld"},"createUserDoc":{"platform":"gcfv1","availableMemoryMb":null,"timeoutSeconds":null,"minInstances":null,"maxInstances":null,"ingressSettings":null,"serviceAccountEmail":null,"vpc":null,"eventTrigger":{"eventType":"providers/firebase.auth/eventTypes/user.create","eventFilters":{"resource":"projects/streaks-dev"},"retry":false},"labels":{},"entryPoint":"createUserDoc"},"deleteUserDoc":{"platform":"gcfv1","availableMemoryMb":null,"timeoutSeconds":null,"minInstances":null,"maxInstances":null,"ingressSettings":null,"serviceAccountEmail":null,"vpc":null,"eventTrigger":{"eventType":"providers/firebase.auth/eventTypes/user.delete","eventFilters":{"resource":"projects/streaks-dev"},"retry":false},"labels":{},"entryPoint":"deleteUserDoc"}},"specVersion":"v1alpha1","requiredAPIs":[]}
[info] ✔  functions: Loaded functions definitions from source: helloWorld, createUserDoc, deleteUserDoc. {"metadata":{"emulator":{"name":"functions"},"message":"Loaded functions definitions from source: helloWorld, createUserDoc, deleteUserDoc."}}
[debug] [2024-08-25T12:11:30.347Z] File /Users/andy/Desktop/Coding/Streak/Streaks/functions/src/index.ts changed, reloading triggers {"metadata":{"emulator":{"name":"functions"},"message":"File /Users/andy/Desktop/Coding/Streak/Streaks/functions/src/index.ts changed, reloading triggers"}}
[debug] [2024-08-25T12:11:31.348Z] Validating nodejs source
[warn] ⚠  functions: package.json indicates an outdated version of firebase-functions. Please upgrade using npm install --save firebase-functions@latest in your functions directory. 
[debug] [2024-08-25T12:11:31.713Z] > [functions] package.json contents: {
  "name": "functions",
  "scripts": {
    "lint": "eslint --ext .js,.ts .",
    "build": "tsc",
    "build:watch": "tsc --watch",
    "serve": "npm run build && firebase emulators:start --only functions",
    "shell": "npm run build && firebase functions:shell",
    "start": "npm run shell",
    "deploy": "firebase deploy --only functions",
    "logs": "firebase functions:log"
  },
  "engines": {
    "node": "18"
  },
  "main": "src/index.ts",
  "dependencies": {
    "firebase-admin": "^12.1.0",
    "firebase-functions": "^5.0.0"
  },
  "devDependencies": {
    "@typescript-eslint/eslint-plugin": "^5.12.0",
    "@typescript-eslint/parser": "^5.12.0",
    "eslint": "^8.9.0",
    "eslint-config-google": "^0.14.0",
    "eslint-plugin-import": "^2.25.4",
    "firebase-functions-test": "^3.1.0",
    "typescript": "^4.9.0"
  },
  "private": true
}
[debug] [2024-08-25T12:11:31.713Z] Building nodejs source
[debug] [2024-08-25T12:11:31.713Z] Failed to find version of module node: reached end of search path /Users/andy/Desktop/Coding/Streak/Streaks/functions/node_modules
[info] ✔  functions: Using node@18 from host. 
[debug] [2024-08-25T12:11:31.714Z] Could not find functions.yaml. Must use http discovery
[debug] [2024-08-25T12:11:31.714Z] Found firebase-functions binary at '/Users/andy/Desktop/Coding/Streak/Streaks/functions/node_modules/.bin/firebase-functions'
[info] Serving at port 8528

[debug] [2024-08-25T12:11:31.949Z] Got response from /__/functions.yaml {"endpoints":{"helloWorld":{"platform":"gcfv1","availableMemoryMb":null,"timeoutSeconds":null,"minInstances":null,"maxInstances":null,"ingressSettings":null,"serviceAccountEmail":null,"vpc":null,"httpsTrigger":{},"entryPoint":"helloWorld"},"createUserDoc":{"platform":"gcfv1","availableMemoryMb":null,"timeoutSeconds":null,"minInstances":null,"maxInstances":null,"ingressSettings":null,"serviceAccountEmail":null,"vpc":null,"eventTrigger":{"eventType":"providers/firebase.auth/eventTypes/user.create","eventFilters":{"resource":"projects/streaks-dev"},"retry":false},"labels":{},"entryPoint":"createUserDoc"},"deleteUserDoc":{"platform":"gcfv1","availableMemoryMb":null,"timeoutSeconds":null,"minInstances":null,"maxInstances":null,"ingressSettings":null,"serviceAccountEmail":null,"vpc":null,"eventTrigger":{"eventType":"providers/firebase.auth/eventTypes/user.delete","eventFilters":{"resource":"projects/streaks-dev"},"retry":false},"labels":{},"entryPoint":"deleteUserDoc"}},"specVersion":"v1alpha1","requiredAPIs":[]}
[info] ✔  functions: Loaded functions definitions from source: helloWorld, createUserDoc, deleteUserDoc. {"metadata":{"emulator":{"name":"functions"},"message":"Loaded functions definitions from source: helloWorld, createUserDoc, deleteUserDoc."}}
